[debug] 2023-06-04T16:46:00.632275Z GenBloopFiles.scala:124 /Users/yoichiroito/prettytable-native/.bleep/builds/normal/.bloop up to date 
[info ] 2023-06-04T16:46:00.634019Z bootstrap.scala:81 bootstrapped in 7 ms 
[debug] 2023-06-04T16:46:00.634861Z BleepRifleLogger.scala:19 bloop-rifle: Checking for a running Bloop server at /Users/yoichiroito/Library/Caches/build.bleep/socket/graalvm-java17_22.2.0 ... 
[debug] 2023-06-04T16:46:00.634923Z BleepRifleLogger.scala:19 bloop-rifle: Attempting to connect to Bloop server /Users/yoichiroito/Library/Caches/build.bleep/socket/graalvm-java17_22.2.0 ... 
[debug] 2023-06-04T16:46:00.635232Z BleepRifleLogger.scala:19 bloop-rifle: Connection attempt result: Some(Right(java.nio.channels.SocketChannel[connected local= remote=/Users/yoichiroito/Library/Caches/build.bleep/socket/graalvm-java17_22.2.0/socket])) 
[debug] 2023-06-04T16:46:00.635540Z BleepRifleLogger.scala:19 bloop-rifle: nailgun debug: Sending arguments '' to Nailgun server 
[debug] 2023-06-04T16:46:00.635571Z BleepRifleLogger.scala:19 bloop-rifle: nailgun debug: Sending environment variables to Nailgun server 
[debug] 2023-06-04T16:46:00.635726Z BleepRifleLogger.scala:19 bloop-rifle: nailgun debug: Sending working directory /Users/yoichiroito/prettytable-native to Nailgun server 
[debug] 2023-06-04T16:46:00.635747Z BleepRifleLogger.scala:19 bloop-rifle: nailgun debug: Sending command to about Nailgun server 
[debug] 2023-06-04T16:46:00.635763Z BleepRifleLogger.scala:19 bloop-rifle: nailgun debug: Finished sending command information to Nailgun server 
[debug] 2023-06-04T16:46:00.635777Z BleepRifleLogger.scala:19 bloop-rifle: nailgun debug: Starting thread to read stdin... 
[debug] 2023-06-04T16:46:00.650957Z BleepRifleLogger.scala:19 bloop-rifle: nailgun debug: Received action Print([B@45e04aba) from Nailgun server 
[debug] 2023-06-04T16:46:00.651036Z BleepRifleLogger.scala:19 bloop-rifle: nailgun debug: Received action Print([B@14c8af75) from Nailgun server 
[debug] 2023-06-04T16:46:00.651061Z BleepRifleLogger.scala:19 bloop-rifle: nailgun debug: Received action Print([B@4c758664) from Nailgun server 
[debug] 2023-06-04T16:46:00.651083Z BleepRifleLogger.scala:19 bloop-rifle: nailgun debug: Received action Print([B@4c84ea11) from Nailgun server 
[debug] 2023-06-04T16:46:00.651102Z BleepRifleLogger.scala:19 bloop-rifle: nailgun debug: Received action Print([B@72149084) from Nailgun server 
[debug] 2023-06-04T16:46:00.651123Z BleepRifleLogger.scala:19 bloop-rifle: nailgun debug: Received action Print([B@222c068a) from Nailgun server 
[debug] 2023-06-04T16:46:00.651146Z BleepRifleLogger.scala:19 bloop-rifle: nailgun debug: Received action Exit(0) from Nailgun server 
[debug] 2023-06-04T16:46:00.651165Z BleepRifleLogger.scala:19 bloop-rifle: nailgun debug: Waiting for stdin thread to finish... 
[debug] 2023-06-04T16:46:00.651179Z BleepRifleLogger.scala:19 bloop-rifle: nailgun debug: Waiting for heartbeat thread to finish... 
[debug] 2023-06-04T16:46:00.651192Z BleepRifleLogger.scala:19 bloop-rifle: nailgun debug: Returning exit code... 
[debug] 2023-06-04T16:46:00.651448Z BleepRifleLogger.scala:19 bloop-rifle: Checking for a running Bloop server at /Users/yoichiroito/Library/Caches/build.bleep/socket/graalvm-java17_22.2.0 ... 
[debug] 2023-06-04T16:46:00.651501Z BleepRifleLogger.scala:19 bloop-rifle: Attempting to connect to Bloop server /Users/yoichiroito/Library/Caches/build.bleep/socket/graalvm-java17_22.2.0 ... 
[debug] 2023-06-04T16:46:00.651585Z BleepRifleLogger.scala:19 bloop-rifle: Connection attempt result: Some(Right(java.nio.channels.SocketChannel[connected local= remote=/Users/yoichiroito/Library/Caches/build.bleep/socket/graalvm-java17_22.2.0/socket])) 
[debug] 2023-06-04T16:46:00.651635Z BleepRifleLogger.scala:19 bloop-rifle: Checking for a running Bloop server at /Users/yoichiroito/Library/Caches/build.bleep/socket/graalvm-java17_22.2.0 ... 
[debug] 2023-06-04T16:46:00.651662Z BleepRifleLogger.scala:19 bloop-rifle: Attempting to connect to Bloop server /Users/yoichiroito/Library/Caches/build.bleep/socket/graalvm-java17_22.2.0 ... 
[debug] 2023-06-04T16:46:00.651724Z BleepRifleLogger.scala:19 bloop-rifle: Connection attempt result: Some(Right(java.nio.channels.SocketChannel[connected local= remote=/Users/yoichiroito/Library/Caches/build.bleep/socket/graalvm-java17_22.2.0/socket])) 
[debug] 2023-06-04T16:46:00.651873Z BleepRifleLogger.scala:19 bloop-rifle: nailgun debug: Sending arguments '' to Nailgun server 
[debug] 2023-06-04T16:46:00.651889Z BleepRifleLogger.scala:19 bloop-rifle: nailgun debug: Sending environment variables to Nailgun server 
[debug] 2023-06-04T16:46:00.652049Z BleepRifleLogger.scala:19 bloop-rifle: nailgun debug: Sending working directory /Users/yoichiroito/prettytable-native to Nailgun server 
[debug] 2023-06-04T16:46:00.652069Z BleepRifleLogger.scala:19 bloop-rifle: nailgun debug: Sending command to about Nailgun server 
[debug] 2023-06-04T16:46:00.652085Z BleepRifleLogger.scala:19 bloop-rifle: nailgun debug: Finished sending command information to Nailgun server 
[debug] 2023-06-04T16:46:00.652100Z BleepRifleLogger.scala:19 bloop-rifle: nailgun debug: Starting thread to read stdin... 
[debug] 2023-06-04T16:46:00.655307Z BleepRifleLogger.scala:19 bloop-rifle: nailgun debug: Received action Print([B@7f83272f) from Nailgun server 
[debug] 2023-06-04T16:46:00.655352Z BleepRifleLogger.scala:19 bloop-rifle: nailgun debug: Received action Print([B@4c1b06e4) from Nailgun server 
[debug] 2023-06-04T16:46:00.655377Z BleepRifleLogger.scala:19 bloop-rifle: nailgun debug: Received action Print([B@3de8981a) from Nailgun server 
[debug] 2023-06-04T16:46:00.655429Z BleepRifleLogger.scala:19 bloop-rifle: nailgun debug: Received action Print([B@19a828d3) from Nailgun server 
[debug] 2023-06-04T16:46:00.655464Z BleepRifleLogger.scala:19 bloop-rifle: nailgun debug: Received action Print([B@3c6444be) from Nailgun server 
[debug] 2023-06-04T16:46:00.655489Z BleepRifleLogger.scala:19 bloop-rifle: nailgun debug: Received action Print([B@65cffc19) from Nailgun server 
[debug] 2023-06-04T16:46:00.655562Z BleepRifleLogger.scala:19 bloop-rifle: nailgun debug: Received action Exit(0) from Nailgun server 
[debug] 2023-06-04T16:46:00.655648Z BleepRifleLogger.scala:19 bloop-rifle: nailgun debug: Waiting for stdin thread to finish... 
[debug] 2023-06-04T16:46:00.655673Z BleepRifleLogger.scala:19 bloop-rifle: nailgun debug: Waiting for heartbeat thread to finish... 
[debug] 2023-06-04T16:46:00.655694Z BleepRifleLogger.scala:19 bloop-rifle: nailgun debug: Returning exit code... 
[debug] 2023-06-04T16:46:00.655767Z BleepRifleLogger.scala:19 bloop-rifle: Opening BSP connection with bloop 
[debug] 2023-06-04T16:46:00.656002Z BleepRifleLogger.scala:19 bloop-rifle: Bloop BSP connection waiting at 127.0.0.1:53769 
[debug] 2023-06-04T16:46:00.656188Z BleepRifleLogger.scala:19 bloop-rifle: nailgun debug: Sending arguments '--protocol tcp --host 127.0.0.1 --port 53769' to Nailgun server 
[debug] 2023-06-04T16:46:00.656239Z BleepRifleLogger.scala:19 bloop-rifle: nailgun debug: Sending environment variables to Nailgun server 
[debug] 2023-06-04T16:46:00.656544Z BleepRifleLogger.scala:19 bloop-rifle: nailgun debug: Sending working directory /Users/yoichiroito/prettytable-native/.bleep/builds/normal to Nailgun server 
[debug] 2023-06-04T16:46:00.656571Z BleepRifleLogger.scala:19 bloop-rifle: nailgun debug: Sending command to bsp Nailgun server 
[debug] 2023-06-04T16:46:00.656593Z BleepRifleLogger.scala:19 bloop-rifle: nailgun debug: Finished sending command information to Nailgun server 
[debug] 2023-06-04T16:46:00.656608Z BleepRifleLogger.scala:19 bloop-rifle: nailgun debug: Starting thread to read stdin... 
[debug] 2023-06-04T16:46:00.659203Z BleepRifleLogger.scala:19 bloop-rifle: nailgun debug: Received action Print([B@13d33395) from Nailgun server 
[debug] 2023-06-04T16:46:00.659274Z BleepRifleLogger.scala:44 bloop: The server is listening for incoming connections at tcp://127.0.0.1:53769... 
[debug] 2023-06-04T16:46:00.668954Z BleepRifleLogger.scala:19 bloop-rifle: Connected to Bloop via BSP at 127.0.0.1:53769 
[debug] 2023-06-04T16:46:00.668977Z BleepRifleLogger.scala:19 bloop-rifle: Connected to Bloop via BSP at 127.0.0.1:53769 
[debug] 2023-06-04T16:46:00.669092Z BleepRifleLogger.scala:19 bloop-rifle: nailgun debug: Received action Print([B@2621ee1a) from Nailgun server 
[debug] 2023-06-04T16:46:00.669124Z BleepRifleLogger.scala:44 bloop: Accepted incoming BSP client connection at tcp://127.0.0.1:53769 
[debug] 2023-06-04T16:46:00.669715Z BleepRifleLogger.scala:19 bloop-rifle: Sending buildInitialize BSP command to Bloop 
[debug] 2023-06-04T16:46:00.673368Z BleepRifleLogger.scala:19 bloop-rifle: nailgun debug: Received action Print([B@de3db9d) from Nailgun server 
[debug] 2023-06-04T16:46:00.673389Z BleepRifleLogger.scala:44 bloop: request received: build/initialize 
[debug] 2023-06-04T16:46:00.674975Z BleepRifleLogger.scala:19 bloop-rifle: nailgun debug: Received action Print([B@103276e9) from Nailgun server 
[debug] 2023-06-04T16:46:00.675003Z BleepRifleLogger.scala:44 bloop: BSP initialization handshake complete. 
[warn ] 2023-06-04T16:46:00.694225Z BspClientDisplayProgress.scala:131 BSP: prettytable-native method copyArrayToImmutableIndexedSeq in class LowPriorityImplicits2 is deprecated since 2.13.0: Implicit conversions from Array to immutable.IndexedSeq are implemented by copying; Use the more efficient non-copying ArraySeq.unsafeWrapArray or an explicit toIndexedSeq call [value => file:///Users/yoichiroito/prettytable-native/prettytable-native/src/scala/Main.scala:17:18 until 17:18]
[info ] 2023-06-04T16:46:00.712579Z Compile.scala:25 Compilation succeeded 
[debug] 2023-06-04T16:46:00.808272Z dist.scala:66 /Users/yoichiroito/prettytable-native/.bleep/builds/normal/.bloop/prettytable-native/dist/lib/scala-java-locales_native0.4_3-1.4.0.jar [value => New]
[debug] 2023-06-04T16:46:00.808337Z dist.scala:66 /Users/yoichiroito/prettytable-native/.bleep/builds/normal/.bloop/prettytable-native/dist/lib/portable-scala-reflect_native0.4_2.13-1.1.2.jar [value => New]
[debug] 2023-06-04T16:46:00.808351Z dist.scala:66 /Users/yoichiroito/prettytable-native/.bleep/builds/normal/.bloop/prettytable-native/dist/lib/argonaut_native0.4_3-6.3.8.jar [value => New]
[debug] 2023-06-04T16:46:00.808362Z dist.scala:66 /Users/yoichiroito/prettytable-native/.bleep/builds/normal/.bloop/prettytable-native/dist/lib/scala-library-2.13.10.jar [value => New]
[debug] 2023-06-04T16:46:00.808372Z dist.scala:66 /Users/yoichiroito/prettytable-native/.bleep/builds/normal/.bloop/prettytable-native/dist/lib/scala3lib_native0.4_3-0.4.12.jar [value => New]
[debug] 2023-06-04T16:46:00.808382Z dist.scala:66 /Users/yoichiroito/prettytable-native/.bleep/builds/normal/.bloop/prettytable-native/dist/lib/scala-java-time_native0.4_3-2.4.0.jar [value => New]
[debug] 2023-06-04T16:46:00.808391Z dist.scala:66 /Users/yoichiroito/prettytable-native/.bleep/builds/normal/.bloop/prettytable-native/dist/lib/cats-kernel_native0.4_3-2.9.0.jar [value => New]
[debug] 2023-06-04T16:46:00.808401Z dist.scala:66 /Users/yoichiroito/prettytable-native/.bleep/builds/normal/.bloop/prettytable-native/dist/bin/prettytable-native.bat [value => New]
[debug] 2023-06-04T16:46:00.808410Z dist.scala:66 /Users/yoichiroito/prettytable-native/.bleep/builds/normal/.bloop/prettytable-native/dist/lib/cats-core_native0.4_3-2.9.0.jar [value => New]
[debug] 2023-06-04T16:46:00.808420Z dist.scala:66 /Users/yoichiroito/prettytable-native/.bleep/builds/normal/.bloop/prettytable-native/dist/lib/posixlib_native0.4_3-0.4.12.jar [value => New]
[debug] 2023-06-04T16:46:00.808429Z dist.scala:66 /Users/yoichiroito/prettytable-native/.bleep/builds/normal/.bloop/prettytable-native/dist/lib/decline_native0.4_3-2.4.1.jar [value => New]
[debug] 2023-06-04T16:46:00.808438Z dist.scala:66 /Users/yoichiroito/prettytable-native/.bleep/builds/normal/.bloop/prettytable-native/dist/lib/geny_native0.4_3-1.0.0.jar [value => New]
[debug] 2023-06-04T16:46:00.808447Z dist.scala:66 /Users/yoichiroito/prettytable-native/.bleep/builds/normal/.bloop/prettytable-native/dist/lib/windowslib_native0.4_3-0.4.12.jar [value => New]
[debug] 2023-06-04T16:46:00.808456Z dist.scala:66 /Users/yoichiroito/prettytable-native/.bleep/builds/normal/.bloop/prettytable-native/dist/lib/prettytable-native.jar [value => New]
[debug] 2023-06-04T16:46:00.808476Z dist.scala:66 /Users/yoichiroito/prettytable-native/.bleep/builds/normal/.bloop/prettytable-native/dist/lib/auxlib_native0.4_3-0.4.12.jar [value => New]
[debug] 2023-06-04T16:46:00.808486Z dist.scala:66 /Users/yoichiroito/prettytable-native/.bleep/builds/normal/.bloop/prettytable-native/dist/lib/clib_native0.4_3-0.4.12.jar [value => New]
[debug] 2023-06-04T16:46:00.808495Z dist.scala:66 /Users/yoichiroito/prettytable-native/.bleep/builds/normal/.bloop/prettytable-native/dist/bin/prettytable-native [value => New]
[debug] 2023-06-04T16:46:00.808504Z dist.scala:66 /Users/yoichiroito/prettytable-native/.bleep/builds/normal/.bloop/prettytable-native/dist/lib/sourcecode_native0.4_3-0.3.0.jar [value => New]
[debug] 2023-06-04T16:46:00.808513Z dist.scala:66 /Users/yoichiroito/prettytable-native/.bleep/builds/normal/.bloop/prettytable-native/dist/lib/fansi_native0.4_3-0.4.0.jar [value => New]
[debug] 2023-06-04T16:46:00.808522Z dist.scala:66 /Users/yoichiroito/prettytable-native/.bleep/builds/normal/.bloop/prettytable-native/dist/lib/os-lib_native0.4_3-0.9.1.jar [value => New]
[debug] 2023-06-04T16:46:00.808531Z dist.scala:66 /Users/yoichiroito/prettytable-native/.bleep/builds/normal/.bloop/prettytable-native/dist/lib/nativelib_native0.4_3-0.4.12.jar [value => New]
[debug] 2023-06-04T16:46:00.808540Z dist.scala:66 /Users/yoichiroito/prettytable-native/.bleep/builds/normal/.bloop/prettytable-native/dist/lib/javalib_native0.4_3-0.4.12.jar [value => New]
[debug] 2023-06-04T16:46:00.808548Z dist.scala:66 /Users/yoichiroito/prettytable-native/.bleep/builds/normal/.bloop/prettytable-native/dist/lib/cldr-api_native0.4_3-3.1.0.jar [value => New]
[debug] 2023-06-04T16:46:00.808560Z dist.scala:66 /Users/yoichiroito/prettytable-native/.bleep/builds/normal/.bloop/prettytable-native/dist/lib/scala3-library_3-3.3.0.jar [value => New]
[debug] 2023-06-04T16:46:00.808569Z dist.scala:66 /Users/yoichiroito/prettytable-native/.bleep/builds/normal/.bloop/prettytable-native/dist/lib/scalalib_native0.4_2.13-0.4.12.jar [value => New]
[info ] 2023-06-04T16:46:00.808588Z dist.scala:66 created distribution in /Users/yoichiroito/prettytable-native/.bleep/builds/normal/.bloop/prettytable-native/dist [value => New: 25]
[info ] 2023-06-04T16:46:00.808660Z dist.scala:74 dist complete [value => /Users/yoichiroito/prettytable-native/.bleep/builds/normal/.bloop/prettytable-native/dist]
